2023-06-03 12:58:13 INFO	loader.lua: loader initialized
2023-06-03 12:58:13 INFO	startInit:  false
2023-06-03 12:58:13 INFO	loadFromPersistence:  false
2023-06-03 12:58:35 INFO	te.controlLoopV2: -----------------------------------------------------------------------------------------------------------------------------------------------------------------------------------------
2023-06-03 12:58:35 INFO	te.controlLoopV2: tick starting
2023-06-03 12:58:35 INFO	2.2 infra audit RED:  depot: 0 | factory: 0 | infra: 0.75
2023-06-03 12:58:35 INFO	2.2 infra audit BLUE:  depot: 0 | factory: 0 | infra: 0.75
2023-06-03 12:58:35 INFO	strength:  winner: 1 | loser: 2 | ratio: 0.035714285714286 | numberToCapture: 0
2023-06-03 12:58:35 INFO	strength:  winner count: 28 | loser count: 27
2023-06-03 12:59:36 INFO	te.controlLoopV2: -----------------------------------------------------------------------------------------------------------------------------------------------------------------------------------------
2023-06-03 12:59:36 INFO	te.controlLoopV2: tick starting
2023-06-03 12:59:36 INFO	2.2 infra audit RED:  depot: 0 | factory: 0 | infra: 0.75
2023-06-03 12:59:36 INFO	2.2 infra audit BLUE:  depot: 0 | factory: 0 | infra: 0.75
2023-06-03 12:59:36 INFO	strength:  winner: 1 | loser: 2 | ratio: 0.035714285714286 | numberToCapture: 0
2023-06-03 12:59:36 INFO	strength:  winner count: 28 | loser count: 27
2023-06-03 13:03:21 INFO	te.controlLoopV2: -----------------------------------------------------------------------------------------------------------------------------------------------------------------------------------------
2023-06-03 13:03:21 INFO	te.controlLoopV2: tick starting
2023-06-03 13:03:21 INFO	2.2 infra audit RED:  depot: 0 | factory: 0 | infra: 0.75
2023-06-03 13:03:21 INFO	2.2 infra audit BLUE:  depot: 0 | factory: 0 | infra: 0.75
2023-06-03 13:03:21 INFO	strength:  winner: 2 | loser: 1 | ratio: 0.22222222222222 | numberToCapture: 1
2023-06-03 13:03:21 INFO	strength:  winner count: 27 | loser count: 21
2023-06-03 13:03:21 INFO	weakest hex calc:  weakest hex added:  Sector 6-12 0
2023-06-03 13:03:21 INFO	Flip Owner:  Sector 6-12 flipped to: 2
2023-06-03 13:03:21 INFO	flipping hexes:  BLUE has captured Sector 6-12 !
2023-06-03 13:03:21 INFO	group clear:  cleared groups everywhere
2023-06-03 13:03:21 INFO	frontline distribution:  30 7 5
2023-06-03 13:12:52 INFO	loader.lua: loader initialized
2023-06-03 13:12:52 INFO	startInit:  false
2023-06-03 13:12:52 INFO	loadFromPersistence:  false
2023-06-03 13:13:34 INFO	te.controlLoopV2: -----------------------------------------------------------------------------------------------------------------------------------------------------------------------------------------
2023-06-03 13:13:34 INFO	te.controlLoopV2: tick starting
2023-06-03 13:13:34 INFO	2.2 infra audit RED:  depot: 0 | factory: 0 | infra: 0.75
2023-06-03 13:13:34 INFO	2.2 infra audit BLUE:  depot: 0 | factory: 0 | infra: 0.75
2023-06-03 13:13:34 INFO	strength:  winner: 1 | loser: 2 | ratio: 0.28148148148148 | numberToCapture: 1
2023-06-03 13:13:34 INFO	strength:  winner count: 27 | loser count: 19.4
2023-06-03 13:13:34 INFO	weakest hex calc:  weakest hex added:  Sector 6-12 1.4
2023-06-03 13:13:34 INFO	Flip Owner:  Sector 6-12 flipped to: 1
2023-06-03 13:13:34 INFO	flipping hexes:  RED has captured Sector 6-12 !
2023-06-03 13:13:34 INFO	group clear:  cleared groups everywhere
2023-06-03 13:13:34 INFO	frontline distribution:  30 | # of frontlines: 9 | platoons per frontline: 4
2023-06-03 13:20:33 INFO	te.controlLoopV2: -----------------------------------------------------------------------------------------------------------------------------------------------------------------------------------------
2023-06-03 13:20:33 INFO	te.controlLoopV2: tick starting
2023-06-03 13:20:33 INFO	2.2 infra audit RED:  depot: 0 | factory: 0 | infra: 0.75
2023-06-03 13:20:33 INFO	2.2 infra audit BLUE:  depot: 0 | factory: 0 | infra: 0.75
2023-06-03 13:22:22 INFO	loader.lua: loader initialized
2023-06-03 13:22:22 INFO	startInit:  false
2023-06-03 13:22:22 INFO	loadFromPersistence:  false
2023-06-03 13:23:22 INFO	te.controlLoopV2: -----------------------------------------------------------------------------------------------------------------------------------------------------------------------------------------
2023-06-03 13:23:22 INFO	te.controlLoopV2: tick starting
2023-06-03 13:23:22 INFO	2.2 infra audit RED:  depot: 0 | factory: 0 | infra: 0.75
2023-06-03 13:23:22 INFO	2.2 infra audit BLUE:  depot: 0 | factory: 0 | infra: 0.75
2023-06-03 13:23:22 INFO	strength:  winner count: 27 | loser count: 21
2023-06-03 13:23:22 INFO	strength:  winner: 2 | loser: 1 | ratio: 0.22222222222222 | numberToCapture: 1
2023-06-03 13:23:22 INFO	weakest hex calc:  weakest hex added:  Sector 6-12 0
2023-06-03 13:23:22 INFO	Flip Owner:  Sector 6-12 flipped to: 2
2023-06-03 13:23:22 INFO	flipping hexes:  BLUE has captured Sector 6-12 !
2023-06-03 13:23:22 INFO	group clear:  cleared groups everywhere
2023-06-03 13:23:22 INFO	frontline distribution:  30 | # of frontlines: 7 | platoons per frontline: 5
2023-06-03 13:24:55 INFO	loader.lua: loader initialized
2023-06-03 13:24:55 INFO	startInit:  false
2023-06-03 13:24:55 INFO	loadFromPersistence:  false
2023-06-03 13:25:55 INFO	te.controlLoopV2: -----------------------------------------------------------------------------------------------------------------------------------------------------------------------------------------
2023-06-03 13:25:55 INFO	te.controlLoopV2: tick starting
2023-06-03 13:25:55 INFO	2.2 infra audit RED:  depot: 0 | factory: 0 | infra: 0.75
2023-06-03 13:25:55 INFO	2.2 infra audit BLUE:  depot: 0 | factory: 0 | infra: 0.75
2023-06-03 13:25:55 INFO	strength:  winner count: 27 | loser count: 22
2023-06-03 13:25:55 INFO	strength:  winner: 1 | loser: 2 | ratio: 0.18518518518519 | numberToCapture: 1
2023-06-03 13:25:55 INFO	weakest hex calc:  weakest hex added:  Sector 6-8 3
2023-06-03 13:25:55 INFO	Flip Owner:  Sector 6-8 flipped to: 1
2023-06-03 13:25:56 INFO	flipping hexes:  RED has captured Sector 6-8 !
2023-06-03 13:25:56 INFO	group clear:  cleared groups everywhere
2023-06-03 13:25:56 INFO	frontline distribution:  30 | # of frontlines: 8 | platoons per frontline: 4
2023-06-03 13:27:38 INFO	loader.lua: loader initialized
2023-06-03 13:27:38 INFO	startInit:  false
2023-06-03 13:27:38 INFO	loadFromPersistence:  false
2023-06-03 13:28:38 INFO	te.controlLoopV2: -----------------------------------------------------------------------------------------------------------------------------------------------------------------------------------------
2023-06-03 13:28:38 INFO	te.controlLoopV2: tick starting
2023-06-03 13:28:38 INFO	2.2 infra audit RED:  depot: 0 | factory: 0 | infra: 0.75
2023-06-03 13:28:38 INFO	2.2 infra audit BLUE:  depot: 0 | factory: 0 | infra: 0.75
2023-06-03 13:28:38 INFO	strength:  winner count: 27 | loser count: 19
2023-06-03 13:28:38 INFO	strength:  winner: 2 | loser: 1 | ratio: 0.2962962962963 | numberToCapture: 1
2023-06-03 13:28:38 INFO	weakest hex calc:  weakest hex added:  Sector 5-11 0
2023-06-03 13:28:38 INFO	Flip Owner:  Sector 5-11 flipped to: 2
2023-06-03 13:28:38 INFO	flipping hexes:  BLUE has captured Sector 5-11 !
2023-06-03 13:28:38 INFO	group clear:  cleared groups everywhere
2023-06-03 13:28:38 INFO	frontline distribution:  30 | # of frontlines: 10 | platoons per frontline: 3
2023-06-03 13:30:34 INFO	loader.lua: loader initialized
2023-06-03 13:30:34 INFO	startInit:  false
2023-06-03 13:30:34 INFO	loadFromPersistence:  false
2023-06-03 13:31:22 INFO	te.controlLoopV2: -----------------------------------------------------------------------------------------------------------------------------------------------------------------------------------------
2023-06-03 13:31:22 INFO	te.controlLoopV2: tick starting
2023-06-03 13:31:22 INFO	2.2 infra audit RED:  depot: 0 | factory: 0 | infra: 0.75
2023-06-03 13:31:22 INFO	2.2 infra audit BLUE:  depot: 0 | factory: 0 | infra: 0.75
2023-06-03 13:31:22 INFO	strength:  winner count: 26 | loser count: 19
2023-06-03 13:31:22 INFO	strength:  winner: 1 | loser: 2 | ratio: 0.26923076923077 | numberToCapture: 1
2023-06-03 13:31:22 INFO	weakest hex calc:  weakest hex added:  Sector 5-11 0
2023-06-03 13:31:22 INFO	Flip Owner:  Sector 5-11 flipped to: 1
2023-06-03 13:31:22 INFO	flipping hexes:  RED has captured Sector 5-11 !
2023-06-03 13:31:22 INFO	group clear:  cleared groups everywhere
2023-06-03 13:31:22 INFO	frontline distribution:  30 | # of frontlines: 8 | platoons per frontline: 4
2023-06-03 13:32:38 INFO	te.controlLoopV2: -----------------------------------------------------------------------------------------------------------------------------------------------------------------------------------------
2023-06-03 13:32:38 INFO	te.controlLoopV2: tick starting
2023-06-03 13:32:38 INFO	2.2 infra audit RED:  depot: 0 | factory: 0 | infra: 0.75
2023-06-03 13:32:38 INFO	2.2 infra audit BLUE:  depot: 0 | factory: 0 | infra: 0.75
2023-06-03 13:32:38 INFO	strength:  winner count: 31 | loser count: 29
2023-06-03 13:32:38 INFO	strength:  winner: 2 | loser: 1 | ratio: 0.064516129032258 | numberToCapture: 0
