2023-07-04 20:41:35 INFO	loader.lua: loader initialized
2023-07-04 20:41:39 INFO	INIT 2.2 infra audit RED:  depot: 3 | factory: 3 | infra: 0
2023-07-04 20:41:39 INFO	INIT 2.2 infra audit BLUE:  depot: 3 | factory: 3 | infra: 0
2023-07-04 20:41:39 INFO	INIT frontline distribution:  40 | # of frontlines: 8 | platoons per frontline: 5
2023-07-04 20:41:39 INFO	INIT 2.2 infra audit RED:  depot: 3 | factory: 3 | infra: 0
2023-07-04 20:41:39 INFO	INIT 2.2 infra audit BLUE:  depot: 3 | factory: 3 | infra: 0
2023-07-04 20:41:39 INFO	INIT frontline distribution:  40 | # of frontlines: 8 | platoons per frontline: 5
2023-07-04 20:42:34 INFO	te.controlLoopV2: -----------------------------------------------------------------------------------------------------------------------------------------------------------------------------------------
2023-07-04 20:42:34 INFO	te.controlLoopV2: tick starting
2023-07-04 20:42:34 INFO	2.2 infra audit RED:  depot: 3 | factory: 3 | infra: 0
2023-07-04 20:42:34 INFO	2.2 infra audit BLUE:  depot: 3 | factory: 3 | infra: 0
2023-07-04 20:42:34 INFO	attrition:  Winner: 0 | Loser:  0 | Difference:  0
2023-07-04 20:42:34 INFO	strength:  winner count: 38 | loser count: 34
2023-07-04 20:42:34 INFO	strength:  winner: 2 | loser: 1 | ratio: 0.10526315789474 | numberToCapture: 0
2023-07-04 20:42:34 INFO	Variance required: Red:
2023-07-04 20:42:34 INFO	Variance required: Blue:
2023-07-04 20:43:05 INFO	loader.lua: loader initialized
2023-07-04 20:43:09 INFO	INIT 2.2 infra audit RED:  depot: 3 | factory: 3 | infra: 0
2023-07-04 20:43:09 INFO	INIT 2.2 infra audit BLUE:  depot: 3 | factory: 3 | infra: 0
2023-07-04 20:43:09 INFO	INIT frontline distribution:  40 | # of frontlines: 8 | platoons per frontline: 5
2023-07-04 20:43:10 INFO	INIT 2.2 infra audit RED:  depot: 3 | factory: 3 | infra: 0
2023-07-04 20:43:10 INFO	INIT 2.2 infra audit BLUE:  depot: 3 | factory: 3 | infra: 0
2023-07-04 20:43:10 INFO	INIT frontline distribution:  40 | # of frontlines: 8 | platoons per frontline: 5
2023-07-04 20:44:19 INFO	te.controlLoopV2: -----------------------------------------------------------------------------------------------------------------------------------------------------------------------------------------
2023-07-04 20:44:19 INFO	te.controlLoopV2: tick starting
2023-07-04 20:44:19 INFO	2.2 infra audit RED:  depot: 3 | factory: 3 | infra: 0
2023-07-04 20:44:19 INFO	2.2 infra audit BLUE:  depot: 3 | factory: 3 | infra: 0
2023-07-04 20:44:19 INFO	attrition:  Winner: 0 | Loser:  0 | Difference:  0
2023-07-04 20:44:19 INFO	strength:  winner count: 38 | loser count: 34
2023-07-04 20:44:19 INFO	strength:  winner: 2 | loser: 1 | ratio: 0.10526315789474 | numberToCapture: 0
2023-07-04 20:44:19 INFO	Variance required: Red:
2023-07-04 20:44:19 INFO	Variance required: Blue:
2023-07-04 20:46:35 INFO	loader.lua: loader initialized
2023-07-04 20:46:39 INFO	INIT 2.2 infra audit RED:  depot: 3 | factory: 3 | infra: 0
2023-07-04 20:46:39 INFO	INIT 2.2 infra audit BLUE:  depot: 3 | factory: 3 | infra: 0
2023-07-04 20:46:39 INFO	INIT frontline distribution:  40 | # of frontlines: 8 | platoons per frontline: 5
2023-07-04 20:46:40 INFO	INIT 2.2 infra audit RED:  depot: 3 | factory: 3 | infra: 0
2023-07-04 20:46:40 INFO	INIT 2.2 infra audit BLUE:  depot: 3 | factory: 3 | infra: 0
2023-07-04 20:46:40 INFO	INIT frontline distribution:  40 | # of frontlines: 8 | platoons per frontline: 5
2023-07-04 20:47:50 INFO	te.controlLoopV2: -----------------------------------------------------------------------------------------------------------------------------------------------------------------------------------------
2023-07-04 20:47:50 INFO	te.controlLoopV2: tick starting
2023-07-04 20:47:50 INFO	2.2 infra audit RED:  depot: 3 | factory: 3 | infra: 0
2023-07-04 20:47:50 INFO	2.2 infra audit BLUE:  depot: 3 | factory: 3 | infra: 0
2023-07-04 20:47:50 INFO	attrition:  Winner: 0 | Loser:  0 | Difference:  0
2023-07-04 20:47:50 INFO	strength:  winner count: 38 | loser count: 34
2023-07-04 20:47:50 INFO	strength:  winner: 2 | loser: 1 | ratio: 0.10526315789474 | numberToCapture: 0
2023-07-04 20:47:50 INFO	Variance required: Red:
2023-07-04 20:47:50 INFO	Variance required: Blue:
2023-07-04 20:48:53 INFO	loader.lua: loader initialized
2023-07-04 20:48:58 INFO	INIT 2.2 infra audit RED:  depot: 3 | factory: 3 | infra: 0
2023-07-04 20:48:58 INFO	INIT 2.2 infra audit BLUE:  depot: 3 | factory: 3 | infra: 0
2023-07-04 20:48:58 INFO	INIT frontline distribution:  40 | # of frontlines: 8 | platoons per frontline: 5
2023-07-04 20:48:59 INFO	INIT 2.2 infra audit RED:  depot: 3 | factory: 3 | infra: 0
2023-07-04 20:48:59 INFO	INIT 2.2 infra audit BLUE:  depot: 3 | factory: 3 | infra: 0
2023-07-04 20:48:59 INFO	INIT frontline distribution:  40 | # of frontlines: 8 | platoons per frontline: 5
2023-07-04 20:49:53 INFO	te.controlLoopV2: -----------------------------------------------------------------------------------------------------------------------------------------------------------------------------------------
2023-07-04 20:49:53 INFO	te.controlLoopV2: tick starting
2023-07-04 20:49:53 INFO	2.2 infra audit RED:  depot: 3 | factory: 3 | infra: 0
2023-07-04 20:49:53 INFO	2.2 infra audit BLUE:  depot: 3 | factory: 3 | infra: 0
2023-07-04 20:49:53 INFO	attrition:  Winner: 0 | Loser:  0 | Difference:  0
2023-07-04 20:49:53 INFO	strength:  winner count: 38 | loser count: 34
2023-07-04 20:49:53 INFO	strength:  winner: 2 | loser: 1 | ratio: 0.10526315789474 | numberToCapture: 0
2023-07-04 20:49:53 INFO	Variance required: Red:
2023-07-04 20:49:53 INFO	Variance required: Blue:
2023-07-04 21:50:51 INFO	loader.lua: loader initialized
2023-07-04 21:50:55 INFO	INIT 2.2 infra audit RED:  depot: 3 | factory: 3 | infra: 0
2023-07-04 21:50:55 INFO	INIT 2.2 infra audit BLUE:  depot: 3 | factory: 3 | infra: 0
2023-07-04 21:50:55 INFO	INIT frontline distribution:  40 | # of frontlines: 8 | platoons per frontline: 5
2023-07-04 21:50:56 INFO	INIT 2.2 infra audit RED:  depot: 3 | factory: 3 | infra: 0
2023-07-04 21:50:56 INFO	INIT 2.2 infra audit BLUE:  depot: 3 | factory: 3 | infra: 0
2023-07-04 21:50:56 INFO	INIT frontline distribution:  40 | # of frontlines: 8 | platoons per frontline: 5
2023-07-04 21:51:51 INFO	te.controlLoopV2: -----------------------------------------------------------------------------------------------------------------------------------------------------------------------------------------
2023-07-04 21:51:51 INFO	te.controlLoopV2: tick starting
2023-07-04 21:51:51 INFO	2.2 infra audit RED:  depot: 3 | factory: 3 | infra: 0
2023-07-04 21:51:51 INFO	2.2 infra audit BLUE:  depot: 3 | factory: 3 | infra: 0
2023-07-04 21:51:51 INFO	attrition:  Winner: 0 | Loser:  0 | Difference:  0
2023-07-04 21:51:51 INFO	strength:  winner count: 38 | loser count: 34
2023-07-04 21:51:51 INFO	strength:  winner: 2 | loser: 1 | ratio: 0.10526315789474 | numberToCapture: 0
2023-07-04 21:51:51 INFO	Variance required: Red:
2023-07-04 21:51:51 INFO	Variance required: Blue:
2023-07-04 21:55:31 INFO	loader.lua: loader initialized
2023-07-04 21:55:35 INFO	INIT 2.2 infra audit RED:  depot: 3 | factory: 3 | infra: 0
2023-07-04 21:55:35 INFO	INIT 2.2 infra audit BLUE:  depot: 3 | factory: 3 | infra: 0
2023-07-04 21:55:35 INFO	INIT frontline distribution:  40 | # of frontlines: 8 | platoons per frontline: 5
2023-07-04 21:55:36 INFO	INIT 2.2 infra audit RED:  depot: 3 | factory: 3 | infra: 0
2023-07-04 21:55:36 INFO	INIT 2.2 infra audit BLUE:  depot: 3 | factory: 3 | infra: 0
2023-07-04 21:55:36 INFO	INIT frontline distribution:  40 | # of frontlines: 8 | platoons per frontline: 5
2023-07-04 21:56:31 INFO	te.controlLoopV2: -----------------------------------------------------------------------------------------------------------------------------------------------------------------------------------------
2023-07-04 21:56:31 INFO	te.controlLoopV2: tick starting
2023-07-04 21:56:31 INFO	2.2 infra audit RED:  depot: 3 | factory: 3 | infra: 0
2023-07-04 21:56:31 INFO	2.2 infra audit BLUE:  depot: 3 | factory: 3 | infra: 0
2023-07-04 21:56:31 INFO	attrition:  Winner: 0 | Loser:  0 | Difference:  0
2023-07-04 21:56:31 INFO	strength:  winner count: 38 | loser count: 34
2023-07-04 21:56:31 INFO	strength:  winner: 2 | loser: 1 | ratio: 0.10526315789474 | numberToCapture: 0
2023-07-04 21:56:31 INFO	Variance required: Red:
2023-07-04 21:56:31 INFO	Variance required: Blue:
2023-07-04 23:55:31 INFO	te.controlLoopV2: -----------------------------------------------------------------------------------------------------------------------------------------------------------------------------------------
2023-07-04 23:55:31 INFO	te.controlLoopV2: tick starting
2023-07-04 23:55:31 INFO	2.2 infra audit RED:  depot: 3 | factory: 3 | infra: 0
2023-07-04 23:55:31 INFO	2.2 infra audit BLUE:  depot: 3 | factory: 3 | infra: 0
2023-07-04 23:55:31 INFO	attrition:  Winner: 0 | Loser:  0 | Difference:  0
2023-07-04 23:55:31 INFO	strength:  winner count: 38 | loser count: 34
2023-07-04 23:55:31 INFO	strength:  winner: 2 | loser: 1 | ratio: 0.10526315789474 | numberToCapture: 0
2023-07-04 23:55:31 INFO	Variance required: Red:
2023-07-04 23:55:31 INFO	Variance required: Blue:
